  Obj.cpp
C:\Users\ktsq\Desktop\OpenGL\MeshViewer\MeshViewer\Obj.cpp(176,15): warning C4244: “初始化”: 从“double”转换到“float”，可能丢失数据
  正在生成代码
  4 of 731 functions ( 0.5%) were compiled, the rest were copied from previous compilation.
    0 functions were new in current compilation
    3 functions had inline decision re-evaluated but remain unchanged
  已完成代码的生成
glui32.lib(algebra3.obj) : warning LNK4099: 未找到 PDB“_glui library.pdb”(使用“glui32.lib(algebra3.obj)”或在“C:\Users\ktsq\Desktop\OpenGL\MeshViewer\Release\_glui library.pdb”中寻找)；正在链接对象，如同没有调试信息一样
glui32.lib(arcball.obj) : warning LNK4099: 未找到 PDB“_glui library.pdb”(使用“glui32.lib(arcball.obj)”或在“C:\Users\ktsq\Desktop\OpenGL\MeshViewer\Release\_glui library.pdb”中寻找)；正在链接对象，如同没有调试信息一样
glui32.lib(glui.obj) : warning LNK4099: 未找到 PDB“_glui library.pdb”(使用“glui32.lib(glui.obj)”或在“C:\Users\ktsq\Desktop\OpenGL\MeshViewer\Release\_glui library.pdb”中寻找)；正在链接对象，如同没有调试信息一样
glui32.lib(glui_add_controls.obj) : warning LNK4099: 未找到 PDB“_glui library.pdb”(使用“glui32.lib(glui_add_controls.obj)”或在“C:\Users\ktsq\Desktop\OpenGL\MeshViewer\Release\_glui library.pdb”中寻找)；正在链接对象，如同没有调试信息一样
glui32.lib(glui_bitmaps.obj) : warning LNK4099: 未找到 PDB“_glui library.pdb”(使用“glui32.lib(glui_bitmaps.obj)”或在“C:\Users\ktsq\Desktop\OpenGL\MeshViewer\Release\_glui library.pdb”中寻找)；正在链接对象，如同没有调试信息一样
glui32.lib(glui_bitmap_img_data.obj) : warning LNK4099: 未找到 PDB“_glui library.pdb”(使用“glui32.lib(glui_bitmap_img_data.obj)”或在“C:\Users\ktsq\Desktop\OpenGL\MeshViewer\Release\_glui library.pdb”中寻找)；正在链接对象，如同没有调试信息一样
glui32.lib(glui_button.obj) : warning LNK4099: 未找到 PDB“_glui library.pdb”(使用“glui32.lib(glui_button.obj)”或在“C:\Users\ktsq\Desktop\OpenGL\MeshViewer\Release\_glui library.pdb”中寻找)；正在链接对象，如同没有调试信息一样
glui32.lib(glui_checkbox.obj) : warning LNK4099: 未找到 PDB“_glui library.pdb”(使用“glui32.lib(glui_checkbox.obj)”或在“C:\Users\ktsq\Desktop\OpenGL\MeshViewer\Release\_glui library.pdb”中寻找)；正在链接对象，如同没有调试信息一样
glui32.lib(glui_column.obj) : warning LNK4099: 未找到 PDB“_glui library.pdb”(使用“glui32.lib(glui_column.obj)”或在“C:\Users\ktsq\Desktop\OpenGL\MeshViewer\Release\_glui library.pdb”中寻找)；正在链接对象，如同没有调试信息一样
glui32.lib(glui_control.obj) : warning LNK4099: 未找到 PDB“_glui library.pdb”(使用“glui32.lib(glui_control.obj)”或在“C:\Users\ktsq\Desktop\OpenGL\MeshViewer\Release\_glui library.pdb”中寻找)；正在链接对象，如同没有调试信息一样
glui32.lib(glui_edittext.obj) : warning LNK4099: 未找到 PDB“_glui library.pdb”(使用“glui32.lib(glui_edittext.obj)”或在“C:\Users\ktsq\Desktop\OpenGL\MeshViewer\Release\_glui library.pdb”中寻找)；正在链接对象，如同没有调试信息一样
glui32.lib(glui_listbox.obj) : warning LNK4099: 未找到 PDB“_glui library.pdb”(使用“glui32.lib(glui_listbox.obj)”或在“C:\Users\ktsq\Desktop\OpenGL\MeshViewer\Release\_glui library.pdb”中寻找)；正在链接对象，如同没有调试信息一样
glui32.lib(glui_mouse_iaction.obj) : warning LNK4099: 未找到 PDB“_glui library.pdb”(使用“glui32.lib(glui_mouse_iaction.obj)”或在“C:\Users\ktsq\Desktop\OpenGL\MeshViewer\Release\_glui library.pdb”中寻找)；正在链接对象，如同没有调试信息一样
glui32.lib(glui_node.obj) : warning LNK4099: 未找到 PDB“_glui library.pdb”(使用“glui32.lib(glui_node.obj)”或在“C:\Users\ktsq\Desktop\OpenGL\MeshViewer\Release\_glui library.pdb”中寻找)；正在链接对象，如同没有调试信息一样
glui32.lib(glui_panel.obj) : warning LNK4099: 未找到 PDB“_glui library.pdb”(使用“glui32.lib(glui_panel.obj)”或在“C:\Users\ktsq\Desktop\OpenGL\MeshViewer\Release\_glui library.pdb”中寻找)；正在链接对象，如同没有调试信息一样
glui32.lib(glui_radio.obj) : warning LNK4099: 未找到 PDB“_glui library.pdb”(使用“glui32.lib(glui_radio.obj)”或在“C:\Users\ktsq\Desktop\OpenGL\MeshViewer\Release\_glui library.pdb”中寻找)；正在链接对象，如同没有调试信息一样
glui32.lib(glui_rollout.obj) : warning LNK4099: 未找到 PDB“_glui library.pdb”(使用“glui32.lib(glui_rollout.obj)”或在“C:\Users\ktsq\Desktop\OpenGL\MeshViewer\Release\_glui library.pdb”中寻找)；正在链接对象，如同没有调试信息一样
glui32.lib(glui_rotation.obj) : warning LNK4099: 未找到 PDB“_glui library.pdb”(使用“glui32.lib(glui_rotation.obj)”或在“C:\Users\ktsq\Desktop\OpenGL\MeshViewer\Release\_glui library.pdb”中寻找)；正在链接对象，如同没有调试信息一样
glui32.lib(glui_separator.obj) : warning LNK4099: 未找到 PDB“_glui library.pdb”(使用“glui32.lib(glui_separator.obj)”或在“C:\Users\ktsq\Desktop\OpenGL\MeshViewer\Release\_glui library.pdb”中寻找)；正在链接对象，如同没有调试信息一样
glui32.lib(glui_spinner.obj) : warning LNK4099: 未找到 PDB“_glui library.pdb”(使用“glui32.lib(glui_spinner.obj)”或在“C:\Users\ktsq\Desktop\OpenGL\MeshViewer\Release\_glui library.pdb”中寻找)；正在链接对象，如同没有调试信息一样
glui32.lib(glui_statictext.obj) : warning LNK4099: 未找到 PDB“_glui library.pdb”(使用“glui32.lib(glui_statictext.obj)”或在“C:\Users\ktsq\Desktop\OpenGL\MeshViewer\Release\_glui library.pdb”中寻找)；正在链接对象，如同没有调试信息一样
glui32.lib(glui_string.obj) : warning LNK4099: 未找到 PDB“_glui library.pdb”(使用“glui32.lib(glui_string.obj)”或在“C:\Users\ktsq\Desktop\OpenGL\MeshViewer\Release\_glui library.pdb”中寻找)；正在链接对象，如同没有调试信息一样
glui32.lib(glui_translation.obj) : warning LNK4099: 未找到 PDB“_glui library.pdb”(使用“glui32.lib(glui_translation.obj)”或在“C:\Users\ktsq\Desktop\OpenGL\MeshViewer\Release\_glui library.pdb”中寻找)；正在链接对象，如同没有调试信息一样
glui32.lib(glui_window.obj) : warning LNK4099: 未找到 PDB“_glui library.pdb”(使用“glui32.lib(glui_window.obj)”或在“C:\Users\ktsq\Desktop\OpenGL\MeshViewer\Release\_glui library.pdb”中寻找)；正在链接对象，如同没有调试信息一样
glui32.lib(quaternion.obj) : warning LNK4099: 未找到 PDB“_glui library.pdb”(使用“glui32.lib(quaternion.obj)”或在“C:\Users\ktsq\Desktop\OpenGL\MeshViewer\Release\_glui library.pdb”中寻找)；正在链接对象，如同没有调试信息一样
  MeshViewer.vcxproj -> C:\Users\ktsq\Desktop\OpenGL\MeshViewer\Release\MeshViewer.exe
